CRITICAL - 2026-05-06 07:28:43 --> Error: Class "App\Controllers\BaseController" not found
[Method: CLI, Route: routes]
in APPPATH/Controllers/Auth.php on line 5.
 1 SYSTEMPATH/Autoloader/Autoloader.php(315): include_once()
 2 SYSTEMPATH/Autoloader/Autoloader.php(295): CodeIgniter\Autoloader\Autoloader->includeFile()
 3 SYSTEMPATH/Autoloader/Autoloader.php(271): CodeIgniter\Autoloader\Autoloader->loadInNamespace()
 4 [internal function]: CodeIgniter\Autoloader\Autoloader->loadClass()
 5 SYSTEMPATH/Router/Router.php(792): class_exists()
 6 SYSTEMPATH/Router/Router.php(230): CodeIgniter\Router\Router->processRouteAttributes()
 7 SYSTEMPATH/Commands/Utilities/Routes/FilterFinder.php(41): CodeIgniter\Router\Router->handle()
 8 SYSTEMPATH/Commands/Utilities/Routes/FilterFinder.php(57): CodeIgniter\Commands\Utilities\Routes\FilterFinder->getRouteFilters()
 9 SYSTEMPATH/Commands/Utilities/Routes/FilterCollector.php(78): CodeIgniter\Commands\Utilities\Routes\FilterFinder->find()
10 SYSTEMPATH/Commands/Utilities/Routes.php(110): CodeIgniter\Commands\Utilities\Routes\FilterCollector->get()
11 SYSTEMPATH/CLI/Commands.php(74): CodeIgniter\Commands\Utilities\Routes->run()
12 SYSTEMPATH/CLI/Console.php(47): CodeIgniter\CLI\Commands->run()
13 SYSTEMPATH/Boot.php(442): CodeIgniter\CLI\Console->run()
14 SYSTEMPATH/Boot.php(166): CodeIgniter\Boot::runCommand()
15 ROOTPATH/spark(87): CodeIgniter\Boot::bootSpark()
DEBUG - 2026-05-06 07:46:08 --> Session: Class initialized using 'CodeIgniter\Session\Handlers\FileHandler' driver.
DEBUG - 2026-05-06 07:46:15 --> Session: Class initialized using 'CodeIgniter\Session\Handlers\FileHandler' driver.
DEBUG - 2026-05-06 07:46:20 --> Session: Class initialized using 'CodeIgniter\Session\Handlers\FileHandler' driver.
DEBUG - 2026-05-06 07:46:22 --> Session: Class initialized using 'CodeIgniter\Session\Handlers\FileHandler' driver.
ERROR - 2026-05-06 07:46:52 --> Error connecting to the database: mysqli_sql_exception: No such file or directory in /home/maria/s4/SI/reegime_alimentaire/system/Database/MySQLi/Connection.php:201
Stack trace:
#0 /home/maria/s4/SI/reegime_alimentaire/system/Database/MySQLi/Connection.php(201): mysqli->real_connect()
#1 /home/maria/s4/SI/reegime_alimentaire/system/Database/BaseConnection.php(555): CodeIgniter\Database\MySQLi\Connection->connect()
#2 /home/maria/s4/SI/reegime_alimentaire/system/Database/BaseConnection.php(795): CodeIgniter\Database\BaseConnection->initialize()
#3 /home/maria/s4/SI/reegime_alimentaire/system/Database/BaseBuilder.php(1649): CodeIgniter\Database\BaseConnection->query()
#4 /home/maria/s4/SI/reegime_alimentaire/system/Model.php(295): CodeIgniter\Database\BaseBuilder->get()
#5 /home/maria/s4/SI/reegime_alimentaire/system/BaseModel.php(714): CodeIgniter\Model->doFirst()
#6 /home/maria/s4/SI/reegime_alimentaire/app/Controllers/Auth.php(31): CodeIgniter\BaseModel->first()
#7 /home/maria/s4/SI/reegime_alimentaire/system/CodeIgniter.php(951): App\Controllers\Auth->storeRegisterStepOne()
#8 /home/maria/s4/SI/reegime_alimentaire/system/CodeIgniter.php(497): CodeIgniter\CodeIgniter->runController()
#9 /home/maria/s4/SI/reegime_alimentaire/system/CodeIgniter.php(340): CodeIgniter\CodeIgniter->handleRequest()
#10 /home/maria/s4/SI/reegime_alimentaire/system/Boot.php(417): CodeIgniter\CodeIgniter->run()
#11 /home/maria/s4/SI/reegime_alimentaire/system/Boot.php(68): CodeIgniter\Boot::runCodeIgniter()
#12 /home/maria/s4/SI/reegime_alimentaire/public/index.php(59): CodeIgniter\Boot::bootWeb()
#13 /home/maria/s4/SI/reegime_alimentaire/system/rewrite.php(44): require_once('...')
#14 {main}

Next CodeIgniter\Database\Exceptions\DatabaseException: No such file or directory in /home/maria/s4/SI/reegime_alimentaire/system/Database/MySQLi/Connection.php:231
Stack trace:
#0 /home/maria/s4/SI/reegime_alimentaire/system/Database/BaseConnection.php(555): CodeIgniter\Database\MySQLi\Connection->connect()
#1 /home/maria/s4/SI/reegime_alimentaire/system/Database/BaseConnection.php(795): CodeIgniter\Database\BaseConnection->initialize()
#2 /home/maria/s4/SI/reegime_alimentaire/system/Database/BaseBuilder.php(1649): CodeIgniter\Database\BaseConnection->query()
#3 /home/maria/s4/SI/reegime_alimentaire/system/Model.php(295): CodeIgniter\Database\BaseBuilder->get()
#4 /home/maria/s4/SI/reegime_alimentaire/system/BaseModel.php(714): CodeIgniter\Model->doFirst()
#5 /home/maria/s4/SI/reegime_alimentaire/app/Controllers/Auth.php(31): CodeIgniter\BaseModel->first()
#6 /home/maria/s4/SI/reegime_alimentaire/system/CodeIgniter.php(951): App\Controllers\Auth->storeRegisterStepOne()
#7 /home/maria/s4/SI/reegime_alimentaire/system/CodeIgniter.php(497): CodeIgniter\CodeIgniter->runController()
#8 /home/maria/s4/SI/reegime_alimentaire/system/CodeIgniter.php(340): CodeIgniter\CodeIgniter->handleRequest()
#9 /home/maria/s4/SI/reegime_alimentaire/system/Boot.php(417): CodeIgniter\CodeIgniter->run()
#10 /home/maria/s4/SI/reegime_alimentaire/system/Boot.php(68): CodeIgniter\Boot::runCodeIgniter()
#11 /home/maria/s4/SI/reegime_alimentaire/public/index.php(59): CodeIgniter\Boot::bootWeb()
#12 /home/maria/s4/SI/reegime_alimentaire/system/rewrite.php(44): require_once('...')
#13 {main}
CRITICAL - 2026-05-06 07:46:52 --> CodeIgniter\Database\Exceptions\DatabaseException: Unable to connect to the database.
Main connection [MySQLi]: No such file or directory
[Method: POST, Route: inscription]
in SYSTEMPATH/Database/BaseConnection.php on line 606.
 1 SYSTEMPATH/Database/BaseConnection.php(795): CodeIgniter\Database\BaseConnection->initialize()
 2 SYSTEMPATH/Database/BaseBuilder.php(1649): CodeIgniter\Database\BaseConnection->query()
 3 SYSTEMPATH/Model.php(295): CodeIgniter\Database\BaseBuilder->get()
 4 SYSTEMPATH/BaseModel.php(714): CodeIgniter\Model->doFirst()
 5 APPPATH/Controllers/Auth.php(31): CodeIgniter\BaseModel->first()
 6 SYSTEMPATH/CodeIgniter.php(951): App\Controllers\Auth->storeRegisterStepOne()
 7 SYSTEMPATH/CodeIgniter.php(497): CodeIgniter\CodeIgniter->runController()
 8 SYSTEMPATH/CodeIgniter.php(340): CodeIgniter\CodeIgniter->handleRequest()
 9 SYSTEMPATH/Boot.php(417): CodeIgniter\CodeIgniter->run()
10 SYSTEMPATH/Boot.php(68): CodeIgniter\Boot::runCodeIgniter()
11 FCPATH/index.php(59): CodeIgniter\Boot::bootWeb()
12 SYSTEMPATH/rewrite.php(44): require_once('/home/maria/s4/SI/reegime_alimentaire/public/index.php')
ERROR - 2026-05-06 07:48:42 --> Error connecting to the database: mysqli_sql_exception: No such file or directory in /home/maria/s4/SI/reegime_alimentaire/system/Database/MySQLi/Connection.php:201
Stack trace:
#0 /home/maria/s4/SI/reegime_alimentaire/system/Database/MySQLi/Connection.php(201): mysqli->real_connect()
#1 /home/maria/s4/SI/reegime_alimentaire/system/Database/BaseConnection.php(555): CodeIgniter\Database\MySQLi\Connection->connect()
#2 /home/maria/s4/SI/reegime_alimentaire/system/Database/BaseConnection.php(795): CodeIgniter\Database\BaseConnection->initialize()
#3 /home/maria/s4/SI/reegime_alimentaire/system/Database/BaseBuilder.php(1649): CodeIgniter\Database\BaseConnection->query()
#4 /home/maria/s4/SI/reegime_alimentaire/system/Model.php(295): CodeIgniter\Database\BaseBuilder->get()
#5 /home/maria/s4/SI/reegime_alimentaire/system/BaseModel.php(714): CodeIgniter\Model->doFirst()
#6 /home/maria/s4/SI/reegime_alimentaire/app/Controllers/Auth.php(31): CodeIgniter\BaseModel->first()
#7 /home/maria/s4/SI/reegime_alimentaire/system/CodeIgniter.php(951): App\Controllers\Auth->storeRegisterStepOne()
#8 /home/maria/s4/SI/reegime_alimentaire/system/CodeIgniter.php(497): CodeIgniter\CodeIgniter->runController()
#9 /home/maria/s4/SI/reegime_alimentaire/system/CodeIgniter.php(340): CodeIgniter\CodeIgniter->handleRequest()
#10 /home/maria/s4/SI/reegime_alimentaire/system/Boot.php(417): CodeIgniter\CodeIgniter->run()
#11 /home/maria/s4/SI/reegime_alimentaire/system/Boot.php(68): CodeIgniter\Boot::runCodeIgniter()
#12 /home/maria/s4/SI/reegime_alimentaire/public/index.php(59): CodeIgniter\Boot::bootWeb()
#13 /home/maria/s4/SI/reegime_alimentaire/system/rewrite.php(44): require_once('...')
#14 {main}

Next CodeIgniter\Database\Exceptions\DatabaseException: No such file or directory in /home/maria/s4/SI/reegime_alimentaire/system/Database/MySQLi/Connection.php:231
Stack trace:
#0 /home/maria/s4/SI/reegime_alimentaire/system/Database/BaseConnection.php(555): CodeIgniter\Database\MySQLi\Connection->connect()
#1 /home/maria/s4/SI/reegime_alimentaire/system/Database/BaseConnection.php(795): CodeIgniter\Database\BaseConnection->initialize()
#2 /home/maria/s4/SI/reegime_alimentaire/system/Database/BaseBuilder.php(1649): CodeIgniter\Database\BaseConnection->query()
#3 /home/maria/s4/SI/reegime_alimentaire/system/Model.php(295): CodeIgniter\Database\BaseBuilder->get()
#4 /home/maria/s4/SI/reegime_alimentaire/system/BaseModel.php(714): CodeIgniter\Model->doFirst()
#5 /home/maria/s4/SI/reegime_alimentaire/app/Controllers/Auth.php(31): CodeIgniter\BaseModel->first()
#6 /home/maria/s4/SI/reegime_alimentaire/system/CodeIgniter.php(951): App\Controllers\Auth->storeRegisterStepOne()
#7 /home/maria/s4/SI/reegime_alimentaire/system/CodeIgniter.php(497): CodeIgniter\CodeIgniter->runController()
#8 /home/maria/s4/SI/reegime_alimentaire/system/CodeIgniter.php(340): CodeIgniter\CodeIgniter->handleRequest()
#9 /home/maria/s4/SI/reegime_alimentaire/system/Boot.php(417): CodeIgniter\CodeIgniter->run()
#10 /home/maria/s4/SI/reegime_alimentaire/system/Boot.php(68): CodeIgniter\Boot::runCodeIgniter()
#11 /home/maria/s4/SI/reegime_alimentaire/public/index.php(59): CodeIgniter\Boot::bootWeb()
#12 /home/maria/s4/SI/reegime_alimentaire/system/rewrite.php(44): require_once('...')
#13 {main}
CRITICAL - 2026-05-06 07:48:42 --> CodeIgniter\Database\Exceptions\DatabaseException: Unable to connect to the database.
Main connection [MySQLi]: No such file or directory
[Method: POST, Route: inscription]
in SYSTEMPATH/Database/BaseConnection.php on line 606.
 1 SYSTEMPATH/Database/BaseConnection.php(795): CodeIgniter\Database\BaseConnection->initialize()
 2 SYSTEMPATH/Database/BaseBuilder.php(1649): CodeIgniter\Database\BaseConnection->query()
 3 SYSTEMPATH/Model.php(295): CodeIgniter\Database\BaseBuilder->get()
 4 SYSTEMPATH/BaseModel.php(714): CodeIgniter\Model->doFirst()
 5 APPPATH/Controllers/Auth.php(31): CodeIgniter\BaseModel->first()
 6 SYSTEMPATH/CodeIgniter.php(951): App\Controllers\Auth->storeRegisterStepOne()
 7 SYSTEMPATH/CodeIgniter.php(497): CodeIgniter\CodeIgniter->runController()
 8 SYSTEMPATH/CodeIgniter.php(340): CodeIgniter\CodeIgniter->handleRequest()
 9 SYSTEMPATH/Boot.php(417): CodeIgniter\CodeIgniter->run()
10 SYSTEMPATH/Boot.php(68): CodeIgniter\Boot::runCodeIgniter()
11 FCPATH/index.php(59): CodeIgniter\Boot::bootWeb()
12 SYSTEMPATH/rewrite.php(44): require_once('/home/maria/s4/SI/reegime_alimentaire/public/index.php')
DEBUG - 2026-05-06 07:48:45 --> Session: Class initialized using 'CodeIgniter\Session\Handlers\FileHandler' driver.
DEBUG - 2026-05-06 07:48:48 --> Session: Class initialized using 'CodeIgniter\Session\Handlers\FileHandler' driver.
DEBUG - 2026-05-06 07:50:08 --> Session: Class initialized using 'CodeIgniter\Session\Handlers\FileHandler' driver.
DEBUG - 2026-05-06 07:50:28 --> Session: Class initialized using 'CodeIgniter\Session\Handlers\FileHandler' driver.
DEBUG - 2026-05-06 07:50:29 --> Session: Class initialized using 'CodeIgniter\Session\Handlers\FileHandler' driver.
DEBUG - 2026-05-06 07:50:48 --> Session: Class initialized using 'CodeIgniter\Session\Handlers\FileHandler' driver.
DEBUG - 2026-05-06 07:50:48 --> Session: Class initialized using 'CodeIgniter\Session\Handlers\FileHandler' driver.
DEBUG - 2026-05-06 07:50:57 --> Session: Class initialized using 'CodeIgniter\Session\Handlers\FileHandler' driver.
DEBUG - 2026-05-06 08:32:05 --> Session: Class initialized using 'CodeIgniter\Session\Handlers\FileHandler' driver.
